---------------------------------------
Begin Slurm Prolog: Mar-29-2026 18:38:52
Job ID:    4552402
User ID:   kagrawal74
Account:   cse
Job name:  soccerstwos
Partition: coc-gpu
QOS:       coc-ice
---------------------------------------

The following have been reloaded with a version change:
  1) anaconda3/2023.03 => anaconda3/2022.05.0.1

/usr/local/pace-apps/lmod/lmod/init/bash: line 174: conda: command not found
/var/lib/slurm/slurmd/job4552402/slurm_script: line 20: /usr/local/pace-apps/manual/packages/anaconda3/2022.05/etc/profile.d/conda.sh: No such file or directory
2026-03-29 18:39:02,915	INFO scripts.py:795 -- Did not find any active Ray processes.
2026-03-29 18:39:14,737	INFO services.py:1272 -- View the Ray dashboard at [1m[32mhttp://127.0.0.1:8265[39m[22m
WARNING: All log messages before absl::InitializeLog() is called are written to STDERR
I0000 00:00:1774823960.845664 2823395 fork_posix.cc:75] Other threads are currently calling into gRPC, skipping fork() handlers
[INFO] Connected to Unity environment with package version 2.1.0-exp.1 and communication version 1.5.0
INFO:mlagents_envs.environment:Connected to Unity environment with package version 2.1.0-exp.1 and communication version 1.5.0
[INFO] Connected new brain: SoccerTwos?team=1
INFO:mlagents_envs.environment:Connected new brain: SoccerTwos?team=1
[INFO] Connected new brain: SoccerTwos?team=0
INFO:mlagents_envs.environment:Connected new brain: SoccerTwos?team=0
2026-03-29 18:39:21,922	WARNING sample.py:401 -- DeprecationWarning: wrapping <function policy_mapping_fn at 0x155547bb44c0> with tune.function() is no longer needed
